<?xml version="1.0" encoding="UTF-8"?>
<!-- Generated by org.testng.reporters.JUnitReportReporter -->
<testsuite hostname="HARSHAL" failures="0" tests="1" name="org.example.orangeLogin" time="18.162" errors="0" timestamp="2023-05-12T11:16:51 IST" skipped="0">
  <testcase classname="org.example.orangeLogin" name="login" time="18.162"/>
  <system-out/>
</testsuite> <!-- org.example.orangeLogin -->
